Determining if the pthread_create exist failed with the following output:
Change Dir: /home/roboticaspl/SPL/EK/goalkeeper/build-cross-atom/CMakeFiles/CMakeTmp

Run Build Command:/usr/bin/make "cmTryCompileExec2824615167/fast"
/usr/bin/make -f CMakeFiles/cmTryCompileExec2824615167.dir/build.make CMakeFiles/cmTryCompileExec2824615167.dir/build
make[1]: se ingresa al directorio «/home/roboticaspl/SPL/EK/goalkeeper/build-cross-atom/CMakeFiles/CMakeTmp»
/usr/bin/cmake -E cmake_progress_report /home/roboticaspl/SPL/EK/goalkeeper/build-cross-atom/CMakeFiles/CMakeTmp/CMakeFiles 1
Building C object CMakeFiles/cmTryCompileExec2824615167.dir/CheckSymbolExists.c.o
/home/roboticaspl/SPL/linux64-nao-atom-cross-toolchain-1.14.5/cross/bin/i686-aldebaran-linux-gnu-gcc   --sysroot /home/roboticaspl/SPL/linux64-nao-atom-cross-toolchain-1.14.5//sysroot/ -pipe -fomit-frame-pointer -fno-align-jumps -fno-align-functions -fno-align-labels -fno-align-loops -m32 -mtune=generic -DOE_CROSS_BUILD    -o CMakeFiles/cmTryCompileExec2824615167.dir/CheckSymbolExists.c.o   -c /home/roboticaspl/SPL/EK/goalkeeper/build-cross-atom/CMakeFiles/CMakeTmp/CheckSymbolExists.c
Linking C executable cmTryCompileExec2824615167
/usr/bin/cmake -E cmake_link_script CMakeFiles/cmTryCompileExec2824615167.dir/link.txt --verbose=1
/home/roboticaspl/SPL/linux64-nao-atom-cross-toolchain-1.14.5/cross/bin/i686-aldebaran-linux-gnu-gcc   --sysroot /home/roboticaspl/SPL/linux64-nao-atom-cross-toolchain-1.14.5//sysroot/ -pipe -fomit-frame-pointer -fno-align-jumps -fno-align-functions -fno-align-labels -fno-align-loops -m32 -mtune=generic -DOE_CROSS_BUILD   -Wl,--sysroot,/home/roboticaspl/SPL/linux64-nao-atom-cross-toolchain-1.14.5//sysroot/ CMakeFiles/cmTryCompileExec2824615167.dir/CheckSymbolExists.c.o  -o cmTryCompileExec2824615167 -rdynamic 
CMakeFiles/cmTryCompileExec2824615167.dir/CheckSymbolExists.c.o: In function `main':
CheckSymbolExists.c:(.text+0x1): undefined reference to `pthread_create'
collect2: ld returned 1 exit status
make[1]: se sale del directorio «/home/roboticaspl/SPL/EK/goalkeeper/build-cross-atom/CMakeFiles/CMakeTmp»
make[1]: *** [cmTryCompileExec2824615167] Error 1
make: *** [cmTryCompileExec2824615167/fast] Error 2

File /home/roboticaspl/SPL/EK/goalkeeper/build-cross-atom/CMakeFiles/CMakeTmp/CheckSymbolExists.c:
/* */
#include <pthread.h>

int main(int argc, char** argv)
{
  (void)argv;
#ifndef pthread_create
  return ((int*)(&pthread_create))[argc];
#else
  (void)argc;
  return 0;
#endif
}

Determining if the function pthread_create exists in the pthreads failed with the following output:
Change Dir: /home/roboticaspl/SPL/EK/goalkeeper/build-cross-atom/CMakeFiles/CMakeTmp

Run Build Command:/usr/bin/make "cmTryCompileExec3929993934/fast"
/usr/bin/make -f CMakeFiles/cmTryCompileExec3929993934.dir/build.make CMakeFiles/cmTryCompileExec3929993934.dir/build
make[1]: se ingresa al directorio «/home/roboticaspl/SPL/EK/goalkeeper/build-cross-atom/CMakeFiles/CMakeTmp»
/usr/bin/cmake -E cmake_progress_report /home/roboticaspl/SPL/EK/goalkeeper/build-cross-atom/CMakeFiles/CMakeTmp/CMakeFiles 1
Building C object CMakeFiles/cmTryCompileExec3929993934.dir/CheckFunctionExists.c.o
/home/roboticaspl/SPL/linux64-nao-atom-cross-toolchain-1.14.5/cross/bin/i686-aldebaran-linux-gnu-gcc   --sysroot /home/roboticaspl/SPL/linux64-nao-atom-cross-toolchain-1.14.5//sysroot/ -pipe -fomit-frame-pointer -fno-align-jumps -fno-align-functions -fno-align-labels -fno-align-loops -m32 -mtune=generic -DOE_CROSS_BUILD -DCHECK_FUNCTION_EXISTS=pthread_create   -o CMakeFiles/cmTryCompileExec3929993934.dir/CheckFunctionExists.c.o   -c /usr/share/cmake-2.8/Modules/CheckFunctionExists.c
Linking C executable cmTryCompileExec3929993934
/usr/bin/cmake -E cmake_link_script CMakeFiles/cmTryCompileExec3929993934.dir/link.txt --verbose=1
/home/roboticaspl/SPL/linux64-nao-atom-cross-toolchain-1.14.5/cross/bin/i686-aldebaran-linux-gnu-gcc   --sysroot /home/roboticaspl/SPL/linux64-nao-atom-cross-toolchain-1.14.5//sysroot/ -pipe -fomit-frame-pointer -fno-align-jumps -fno-align-functions -fno-align-labels -fno-align-loops -m32 -mtune=generic -DOE_CROSS_BUILD -DCHECK_FUNCTION_EXISTS=pthread_create  -Wl,--sysroot,/home/roboticaspl/SPL/linux64-nao-atom-cross-toolchain-1.14.5//sysroot/ CMakeFiles/cmTryCompileExec3929993934.dir/CheckFunctionExists.c.o  -o cmTryCompileExec3929993934 -rdynamic -lpthreads 
/home/roboticaspl/SPL/linux64-nao-atom-cross-toolchain-1.14.5/cross/bin/../lib/gcc/i686-aldebaran-linux-gnu/4.5.3/../../../../i686-aldebaran-linux-gnu/bin/ld: cannot find -lpthreads
collect2: ld returned 1 exit status
make[1]: se sale del directorio «/home/roboticaspl/SPL/EK/goalkeeper/build-cross-atom/CMakeFiles/CMakeTmp»
make[1]: *** [cmTryCompileExec3929993934] Error 1
make: *** [cmTryCompileExec3929993934/fast] Error 2


Determining if the pthread_create exist failed with the following output:
Change Dir: /home/roboticaspl/SPL/EK/goalkeeper/build-cross-atom/CMakeFiles/CMakeTmp

Run Build Command:/usr/bin/make "cmTryCompileExec2500309103/fast"
/usr/bin/make -f CMakeFiles/cmTryCompileExec2500309103.dir/build.make CMakeFiles/cmTryCompileExec2500309103.dir/build
make[1]: se ingresa al directorio «/home/roboticaspl/SPL/EK/goalkeeper/build-cross-atom/CMakeFiles/CMakeTmp»
/usr/bin/cmake -E cmake_progress_report /home/roboticaspl/SPL/EK/goalkeeper/build-cross-atom/CMakeFiles/CMakeTmp/CMakeFiles 1
Building C object CMakeFiles/cmTryCompileExec2500309103.dir/CheckSymbolExists.c.o
/home/roboticaspl/SPL/linux64-nao-atom-cross-toolchain-1.14.5/cross/bin/i686-aldebaran-linux-gnu-gcc   --sysroot /home/roboticaspl/SPL/linux64-nao-atom-cross-toolchain-1.14.5//sysroot/ -pipe -fomit-frame-pointer -fno-align-jumps -fno-align-functions -fno-align-labels -fno-align-loops -m32 -mtune=generic -DOE_CROSS_BUILD    -o CMakeFiles/cmTryCompileExec2500309103.dir/CheckSymbolExists.c.o   -c /home/roboticaspl/SPL/EK/goalkeeper/build-cross-atom/CMakeFiles/CMakeTmp/CheckSymbolExists.c
Linking C executable cmTryCompileExec2500309103
/usr/bin/cmake -E cmake_link_script CMakeFiles/cmTryCompileExec2500309103.dir/link.txt --verbose=1
/home/roboticaspl/SPL/linux64-nao-atom-cross-toolchain-1.14.5/cross/bin/i686-aldebaran-linux-gnu-gcc   --sysroot /home/roboticaspl/SPL/linux64-nao-atom-cross-toolchain-1.14.5//sysroot/ -pipe -fomit-frame-pointer -fno-align-jumps -fno-align-functions -fno-align-labels -fno-align-loops -m32 -mtune=generic -DOE_CROSS_BUILD   -Wl,--sysroot,/home/roboticaspl/SPL/linux64-nao-atom-cross-toolchain-1.14.5//sysroot/ CMakeFiles/cmTryCompileExec2500309103.dir/CheckSymbolExists.c.o  -o cmTryCompileExec2500309103 -rdynamic 
CMakeFiles/cmTryCompileExec2500309103.dir/CheckSymbolExists.c.o: In function `main':
CheckSymbolExists.c:(.text+0x1): undefined reference to `pthread_create'
collect2: ld returned 1 exit status
make[1]: se sale del directorio «/home/roboticaspl/SPL/EK/goalkeeper/build-cross-atom/CMakeFiles/CMakeTmp»
make[1]: *** [cmTryCompileExec2500309103] Error 1
make: *** [cmTryCompileExec2500309103/fast] Error 2

File /home/roboticaspl/SPL/EK/goalkeeper/build-cross-atom/CMakeFiles/CMakeTmp/CheckSymbolExists.c:
/* */
#include <pthread.h>

int main(int argc, char** argv)
{
  (void)argv;
#ifndef pthread_create
  return ((int*)(&pthread_create))[argc];
#else
  (void)argc;
  return 0;
#endif
}

Determining if the function pthread_create exists in the pthreads failed with the following output:
Change Dir: /home/roboticaspl/SPL/EK/goalkeeper/build-cross-atom/CMakeFiles/CMakeTmp

Run Build Command:/usr/bin/make "cmTryCompileExec4223108482/fast"
/usr/bin/make -f CMakeFiles/cmTryCompileExec4223108482.dir/build.make CMakeFiles/cmTryCompileExec4223108482.dir/build
make[1]: se ingresa al directorio «/home/roboticaspl/SPL/EK/goalkeeper/build-cross-atom/CMakeFiles/CMakeTmp»
/usr/bin/cmake -E cmake_progress_report /home/roboticaspl/SPL/EK/goalkeeper/build-cross-atom/CMakeFiles/CMakeTmp/CMakeFiles 1
Building C object CMakeFiles/cmTryCompileExec4223108482.dir/CheckFunctionExists.c.o
/home/roboticaspl/SPL/linux64-nao-atom-cross-toolchain-1.14.5/cross/bin/i686-aldebaran-linux-gnu-gcc   --sysroot /home/roboticaspl/SPL/linux64-nao-atom-cross-toolchain-1.14.5//sysroot/ -pipe -fomit-frame-pointer -fno-align-jumps -fno-align-functions -fno-align-labels -fno-align-loops -m32 -mtune=generic -DOE_CROSS_BUILD -DCHECK_FUNCTION_EXISTS=pthread_create   -o CMakeFiles/cmTryCompileExec4223108482.dir/CheckFunctionExists.c.o   -c /usr/share/cmake-2.8/Modules/CheckFunctionExists.c
Linking C executable cmTryCompileExec4223108482
/usr/bin/cmake -E cmake_link_script CMakeFiles/cmTryCompileExec4223108482.dir/link.txt --verbose=1
/home/roboticaspl/SPL/linux64-nao-atom-cross-toolchain-1.14.5/cross/bin/i686-aldebaran-linux-gnu-gcc   --sysroot /home/roboticaspl/SPL/linux64-nao-atom-cross-toolchain-1.14.5//sysroot/ -pipe -fomit-frame-pointer -fno-align-jumps -fno-align-functions -fno-align-labels -fno-align-loops -m32 -mtune=generic -DOE_CROSS_BUILD -DCHECK_FUNCTION_EXISTS=pthread_create  -Wl,--sysroot,/home/roboticaspl/SPL/linux64-nao-atom-cross-toolchain-1.14.5//sysroot/ CMakeFiles/cmTryCompileExec4223108482.dir/CheckFunctionExists.c.o  -o cmTryCompileExec4223108482 -rdynamic -lpthreads 
/home/roboticaspl/SPL/linux64-nao-atom-cross-toolchain-1.14.5/cross/bin/../lib/gcc/i686-aldebaran-linux-gnu/4.5.3/../../../../i686-aldebaran-linux-gnu/bin/ld: cannot find -lpthreads
collect2: ld returned 1 exit status
make[1]: se sale del directorio «/home/roboticaspl/SPL/EK/goalkeeper/build-cross-atom/CMakeFiles/CMakeTmp»
make[1]: *** [cmTryCompileExec4223108482] Error 1
make: *** [cmTryCompileExec4223108482/fast] Error 2


Determining if the pthread_create exist failed with the following output:
Change Dir: /home/roboticaspl/SPL/EK/goalkeeper/build-cross-atom/CMakeFiles/CMakeTmp

Run Build Command:/usr/bin/make "cmTryCompileExec2774554759/fast"
/usr/bin/make -f CMakeFiles/cmTryCompileExec2774554759.dir/build.make CMakeFiles/cmTryCompileExec2774554759.dir/build
make[1]: se ingresa al directorio «/home/roboticaspl/SPL/EK/goalkeeper/build-cross-atom/CMakeFiles/CMakeTmp»
/usr/bin/cmake -E cmake_progress_report /home/roboticaspl/SPL/EK/goalkeeper/build-cross-atom/CMakeFiles/CMakeTmp/CMakeFiles 1
Building C object CMakeFiles/cmTryCompileExec2774554759.dir/CheckSymbolExists.c.o
/home/roboticaspl/SPL/linux64-nao-atom-cross-toolchain-1.14.5/cross/bin/i686-aldebaran-linux-gnu-gcc   --sysroot /home/roboticaspl/SPL/linux64-nao-atom-cross-toolchain-1.14.5//sysroot/ -pipe -fomit-frame-pointer -fno-align-jumps -fno-align-functions -fno-align-labels -fno-align-loops -m32 -mtune=generic -DOE_CROSS_BUILD    -o CMakeFiles/cmTryCompileExec2774554759.dir/CheckSymbolExists.c.o   -c /home/roboticaspl/SPL/EK/goalkeeper/build-cross-atom/CMakeFiles/CMakeTmp/CheckSymbolExists.c
Linking C executable cmTryCompileExec2774554759
/usr/bin/cmake -E cmake_link_script CMakeFiles/cmTryCompileExec2774554759.dir/link.txt --verbose=1
/home/roboticaspl/SPL/linux64-nao-atom-cross-toolchain-1.14.5/cross/bin/i686-aldebaran-linux-gnu-gcc   --sysroot /home/roboticaspl/SPL/linux64-nao-atom-cross-toolchain-1.14.5//sysroot/ -pipe -fomit-frame-pointer -fno-align-jumps -fno-align-functions -fno-align-labels -fno-align-loops -m32 -mtune=generic -DOE_CROSS_BUILD   -Wl,--sysroot,/home/roboticaspl/SPL/linux64-nao-atom-cross-toolchain-1.14.5//sysroot/ CMakeFiles/cmTryCompileExec2774554759.dir/CheckSymbolExists.c.o  -o cmTryCompileExec2774554759 -rdynamic 
CMakeFiles/cmTryCompileExec2774554759.dir/CheckSymbolExists.c.o: In function `main':
CheckSymbolExists.c:(.text+0x1): undefined reference to `pthread_create'
collect2: ld returned 1 exit status
make[1]: se sale del directorio «/home/roboticaspl/SPL/EK/goalkeeper/build-cross-atom/CMakeFiles/CMakeTmp»
make[1]: *** [cmTryCompileExec2774554759] Error 1
make: *** [cmTryCompileExec2774554759/fast] Error 2

File /home/roboticaspl/SPL/EK/goalkeeper/build-cross-atom/CMakeFiles/CMakeTmp/CheckSymbolExists.c:
/* */
#include <pthread.h>

int main(int argc, char** argv)
{
  (void)argv;
#ifndef pthread_create
  return ((int*)(&pthread_create))[argc];
#else
  (void)argc;
  return 0;
#endif
}

Determining if the function pthread_create exists in the pthreads failed with the following output:
Change Dir: /home/roboticaspl/SPL/EK/goalkeeper/build-cross-atom/CMakeFiles/CMakeTmp

Run Build Command:/usr/bin/make "cmTryCompileExec3155843697/fast"
/usr/bin/make -f CMakeFiles/cmTryCompileExec3155843697.dir/build.make CMakeFiles/cmTryCompileExec3155843697.dir/build
make[1]: se ingresa al directorio «/home/roboticaspl/SPL/EK/goalkeeper/build-cross-atom/CMakeFiles/CMakeTmp»
/usr/bin/cmake -E cmake_progress_report /home/roboticaspl/SPL/EK/goalkeeper/build-cross-atom/CMakeFiles/CMakeTmp/CMakeFiles 1
Building C object CMakeFiles/cmTryCompileExec3155843697.dir/CheckFunctionExists.c.o
/home/roboticaspl/SPL/linux64-nao-atom-cross-toolchain-1.14.5/cross/bin/i686-aldebaran-linux-gnu-gcc   --sysroot /home/roboticaspl/SPL/linux64-nao-atom-cross-toolchain-1.14.5//sysroot/ -pipe -fomit-frame-pointer -fno-align-jumps -fno-align-functions -fno-align-labels -fno-align-loops -m32 -mtune=generic -DOE_CROSS_BUILD -DCHECK_FUNCTION_EXISTS=pthread_create   -o CMakeFiles/cmTryCompileExec3155843697.dir/CheckFunctionExists.c.o   -c /usr/share/cmake-2.8/Modules/CheckFunctionExists.c
Linking C executable cmTryCompileExec3155843697
/usr/bin/cmake -E cmake_link_script CMakeFiles/cmTryCompileExec3155843697.dir/link.txt --verbose=1
/home/roboticaspl/SPL/linux64-nao-atom-cross-toolchain-1.14.5/cross/bin/i686-aldebaran-linux-gnu-gcc   --sysroot /home/roboticaspl/SPL/linux64-nao-atom-cross-toolchain-1.14.5//sysroot/ -pipe -fomit-frame-pointer -fno-align-jumps -fno-align-functions -fno-align-labels -fno-align-loops -m32 -mtune=generic -DOE_CROSS_BUILD -DCHECK_FUNCTION_EXISTS=pthread_create  -Wl,--sysroot,/home/roboticaspl/SPL/linux64-nao-atom-cross-toolchain-1.14.5//sysroot/ CMakeFiles/cmTryCompileExec3155843697.dir/CheckFunctionExists.c.o  -o cmTryCompileExec3155843697 -rdynamic -lpthreads 
/home/roboticaspl/SPL/linux64-nao-atom-cross-toolchain-1.14.5/cross/bin/../lib/gcc/i686-aldebaran-linux-gnu/4.5.3/../../../../i686-aldebaran-linux-gnu/bin/ld: cannot find -lpthreads
collect2: ld returned 1 exit status
make[1]: se sale del directorio «/home/roboticaspl/SPL/EK/goalkeeper/build-cross-atom/CMakeFiles/CMakeTmp»
make[1]: *** [cmTryCompileExec3155843697] Error 1
make: *** [cmTryCompileExec3155843697/fast] Error 2


